<?xml version="1.0" encoding="UTF-8"?>
<testsuite name="co.com.sofka.serenityapi.runners.Service" tests="0" skipped="0" failures="0" errors="0" timestamp="1970-01-01T00:00:00" hostname="DESKTOP-M1Q9UOG" time="0.0">
  <properties/>
  <system-out><![CDATA[
2 Scenarios (?[32m2 passed?[0m)
6 Steps (?[32m6 passed?[0m)
0m8,242s


]]></system-out>
  <system-err><![CDATA[[Test worker] INFO  - ?[96m

-------------------------------------------------------------------------------------
     _______. _______ .______       _______ .__   __.  __  .___________.____    ____ 
    /       ||   ____||   _  \     |   ____||  \ |  | |  | |           |\   \  /   / 
   |   (----`|  |__   |  |_)  |    |  |__   |   \|  | |  | `---|  |----` \   \/   /  
    \   \    |   __|  |      /     |   __|  |  . `  | |  |     |  |       \_    _/   
.----)   |   |  |____ |  |\  \----.|  |____ |  |\   | |  |     |  |         |  |     
|_______/    |_______|| _| `._____||_______||__| \__| |__|     |__|         |__|    
                                                                                     
 News and tutorials at http://www.serenity-bdd.info                                  
 Documentation at https://wakaleo.gitbooks.io/the-serenity-book/content/             
 Join the Serenity Community on Gitter: https://gitter.im/serenity-bdd/serenity-core 
 Serenity BDD Support and Training at http://serenity-bdd.info/#/trainingandsupport  
-------------------------------------------------------------------------------------
?[0m
[Test worker] INFO  - Test Suite Started: Servicio API
[pool-2-thread-1] INFO serenity.reporting - 
---------------------------------------
| TEST NAME:   ?[1mConsulta libro existente?[0m
| RESULT:      ?[92mPassing?[0m
| REQUIREMENT: Servicio API
| REPORT:      ?[96mfile:///D:/WorkSpace-SofkaU/Automatizacion/RetoSerenityBDD-ServiciosRest%20Recuperacion/target/site/serenity/0b47c37d7ac50bd217f603312e0df5281b3805e6f15084e557fe07773458d093.html?[0m
---------------------------------------
[pool-2-thread-2] INFO serenity.reporting - 
------------------------------------------
| TEST NAME:   ?[1mConsultar libro inexistente?[0m
| RESULT:      ?[92mPassing?[0m
| REQUIREMENT: Servicio API
| REPORT:      ?[96mfile:///D:/WorkSpace-SofkaU/Automatizacion/RetoSerenityBDD-ServiciosRest%20Recuperacion/target/site/serenity/1ab9dd49b3352a74299e0c6470748dd7523ea87a3031634c1810fa1815c072d9.html?[0m
------------------------------------------
]]></system-err>
</testsuite>
