<?xml version="1.0" encoding="UTF-8"?>
<testsuite name="Servicio API" tests="2" skipped="0" failures="0" errors="0" timestamp="2022-04-09T20:01:15" hostname="DESKTOP-M1Q9UOG" time="8.006">
  <properties/>
  <testcase name="Consulta libro existente" classname="Servicio API" time="6.291"/>
  <testcase name="Consultar libro inexistente" classname="Servicio API" time="1.715"/>
  <system-out><![CDATA[?[92m|-- Cuando se consulta un libro con el id 589?[0m
?[92m|---- Pepito search book by id 589?[0m
Request method:	GET
Request URI:	https://www.etnassoft.com/api/v1/get/?id=589
Proxy:			<none>
Request params:	<none>
Query params:	<none>
Form params:	<none>
Path params:	<none>
Headers:		Accept=*/*
				Content-Type=application/json; charset=UTF-8
Cookies:		<none>
Multiparts:		<none>
Body:			<none>
?[92m|-- Entonces debería tener una respuesta con código 200?[0m
?[92m|---- Then validate status code?[0m
?[92m|-- Y el título del libro es 'Diseño Ágil con TDD' y el autor del libro debe ser 'Carlos Blé Jurados y autores'?[0m
?[92m|---- Then validate response?[0m
?[92m|------ Pepito should see a value that is equal to: <"Diseño Ágil con TDD">?[0m
?[92m|------ Pepito should see a value that is equal to: <"Carlos Blé Jurados y autores">?[0m
?[92m|-- Cuando se consulta un libro con el id 200?[0m
?[92m|---- Pepito search book by id 200?[0m
Request method:	GET
Request URI:	https://www.etnassoft.com/api/v1/get/?id=200
Proxy:			<none>
Request params:	<none>
Query params:	<none>
Form params:	<none>
Path params:	<none>
Headers:		Accept=*/*
				Content-Type=application/json; charset=UTF-8
Cookies:		<none>
Multiparts:		<none>
Body:			<none>
?[92m|-- Entonces debería tener una respuesta con código 200?[0m
?[92m|---- Then validate status code?[0m
?[92m|-- Y la respuesta deberia ser vacia?[0m
?[92m|---- Then validate response?[0m
?[92m|------ Pepito should see a collection that is empty?[0m
]]></system-out>
  <system-err><![CDATA[[Test worker] INFO  - 
  _____   ___   ___   _____     ___   _____     _     ___   _____   ___   ___  
 |_   _| | __| / __| |_   _|   / __| |_   _|   /_\   | _ \ |_   _| | __| |   \ 
   | |   | _|  \__ \   | |     \__ \   | |    / _ \  |   /   | |   | _|  | |) |
   |_|   |___| |___/   |_|     |___/   |_|   /_/ \_\ |_|_\   |_|   |___| |___/ 

Consulta libro existente(servicio-api;consulta-libro-existente)
--------------------------------------------------------------------------------
[Test worker] INFO co.com.sofka.serenityapi.questions.TheResponse - Response -> [BookResponse(id=589, title=Diseño Ágil con TDD, author=Carlos Blé Jurados y autores, content=&iquest;Dedicas una gran parte de tu tiempo de desarrollo a resolver incidencias de aplicaciones en producci&oacute;n?, &iquest;te enfrentas a sesiones de depuraci&oacute;n interminables para encontrar la ra&iacute;z de un problema?, &iquest;te exten&uacute;a descubrir innumerables fallos cada vez que introduces nuevas caracter&iacute;sticas a funcionalidades ya existentes?. Si respondes afirmativamente estas cuestiones y quieres promover el cambio, en este libro encontrar&aacute;s la clave.

TDD es una t&eacute;cnica de desarrollo que se lleva aplicando durante a&ntilde;os con gran &eacute;xito en lugares como EEUU y Reino Unido, sin embargo, la ausencia de informaci&oacute;n en espa&ntilde;ol sobre la misma ha supuesto un freno para su difusi&oacute;n en los pa&iacute;ses hispano-parlantes. El objetivo de este libro es poner soluci&oacute;n a este dilema y ofrecer una referencia completa, tanto te&oacute;rica como pr&aacute;ctica, que permita al lector iniciarse en su comprensi&oacute;n y aplicaci&oacute;n.

A estas alturas sabemos que aprender nuevos lenguajes o frameworks incrementa nuestra productividad a corto plazo, pero los problemas m&aacute;s graves a los que nos enfrentamos siguen sin soluci&oacute;n. TDD propone una nueva forma de afrontar los desarrollos atacando estas dificultades de frente y permitiendo entregar software m&aacute;s robusto y fiable. Con TDD, nuestro rendimiento a largo plazo s&iacute; se ve beneficiado, no olvidemos que uno de los factores con m&aacute;s influencia en la productividad de hoy es la calidad del c&oacute;digo escrito ayer.

Dise&ntilde;o &Aacute;gil con TDD nos ense&ntilde;ar&aacute; a:
&lt;ul&gt;
&lt;li&gt;Escribir tests que aumenten la fiabilidad del c&oacute;digo.&lt;/li&gt;
&lt;li&gt;Escribir tests de aceptaci&oacute;n que nos ayudar&aacute;n a centrarnos, espec&iacute;ficamente, en el problema a resolver.&lt;/li&gt;
&lt;li&gt;Mejorar nuestros dise&ntilde;os para hacerlos m&aacute;s simples y flexibles.&lt;/li&gt;
&lt;li&gt;Escribir c&oacute;digo f&aacute;cil de mantener. Con TDD, los test son documentaci&oacute;n viva y actualizada de nuestro c&oacute;digo, la mejor documentaci&oacute;n posible.&lt;/li&gt;
&lt;li&gt;Encajar TDD dentro del paradigma &aacute;gil y relacionarlo con otras t&eacute;cnicas como la integraci&oacute;n continua.&lt;/li&gt;
&lt;/ul&gt;, urlDownload=https://openlibra.com/book/diseno-agil-con-tdd, cover=http://collection.openlibra.com.s3.amazonaws.com/covers/2011/04/disenoAgilConTDD.jpg, categories=[Category(categoryId=222, name=Java, nicename=programacion_java), Category(categoryId=218, name=Metodologías Ágiles, nicename=metodologias_agiles), Category(categoryId=220, name=Programación, nicename=libros_programacion), Category(categoryId=219, name=TDD, nicename=tdd_metodologias_agiles)], tags=[Tag(tagId=290, name=agil, nicename=agil), Tag(tagId=97, name=java, nicename=java), Tag(tagId=103, name=tdd, nicename=tdd), Tag(tagId=104, name=tests, nicename=tests)])]
[Test worker] INFO  - ?[92m
  _____   ___   ___   _____     ___     _     ___   ___   ___   ___  
 |_   _| | __| / __| |_   _|   | _ \   /_\   / __| / __| | __| |   \ 
   | |   | _|  \__ \   | |     |  _/  / _ \  \__ \ \__ \ | _|  | |) |
   |_|   |___| |___/   |_|     |_|   /_/ \_\ |___/ |___/ |___| |___/ 

Consulta libro existente
----------------------------------------------------------------------?[0m
[Test worker] INFO  - 
  _____   ___   ___   _____     ___   _____     _     ___   _____   ___   ___  
 |_   _| | __| / __| |_   _|   / __| |_   _|   /_\   | _ \ |_   _| | __| |   \ 
   | |   | _|  \__ \   | |     \__ \   | |    / _ \  |   /   | |   | _|  | |) |
   |_|   |___| |___/   |_|     |___/   |_|   /_/ \_\ |_|_\   |_|   |___| |___/ 

Consultar libro inexistente(servicio-api;consultar-libro-inexistente)
--------------------------------------------------------------------------------
[Test worker] INFO co.com.sofka.serenityapi.questions.TheResponse - Response -> []
[Test worker] INFO  - ?[92m
  _____   ___   ___   _____     ___     _     ___   ___   ___   ___  
 |_   _| | __| / __| |_   _|   | _ \   /_\   / __| / __| | __| |   \ 
   | |   | _|  \__ \   | |     |  _/  / _ \  \__ \ \__ \ | _|  | |) |
   |_|   |___| |___/   |_|     |_|   /_/ \_\ |___/ |___/ |___| |___/ 

Consultar libro inexistente
----------------------------------------------------------------------?[0m
]]></system-err>
</testsuite>
